[debug] [2021-10-13T13:45:35.092Z] ----------------------------------------------------------------------
[debug] [2021-10-13T13:45:35.094Z] Command:       C:\Program Files\nodejs\node.exe C:\Users\win\AppData\Roaming\npm\node_modules\firebase-tools\lib\bin\firebase.js init
[debug] [2021-10-13T13:45:35.094Z] CLI Version:   9.20.0
[debug] [2021-10-13T13:45:35.094Z] Platform:      win32
[debug] [2021-10-13T13:45:35.094Z] Node Version:  v14.17.3
[debug] [2021-10-13T13:45:35.095Z] Time:          Wed Oct 13 2021 19:15:35 GMT+0530 (India Standard Time)
[debug] [2021-10-13T13:45:35.095Z] ----------------------------------------------------------------------
[debug] 
[debug] [2021-10-13T13:45:35.141Z] > command requires scopes: ["email","openid","https://www.googleapis.com/auth/cloudplatformprojects.readonly","https://www.googleapis.com/auth/firebase","https://www.googleapis.com/auth/cloud-platform"]
[debug] [2021-10-13T13:45:35.141Z] > authorizing via signed-in user (amulyagulati@gmail.com)
[info] 
     ######## #### ########  ######## ########     ###     ######  ########
     ##        ##  ##     ## ##       ##     ##  ##   ##  ##       ##
     ######    ##  ########  ######   ########  #########  ######  ######
     ##        ##  ##    ##  ##       ##     ## ##     ##       ## ##
     ##       #### ##     ## ######## ########  ##     ##  ######  ########

You're about to initialize a Firebase project in this directory:

  D:\React Internship\React Projects\chat-app

Before we get started, keep in mind:

  * You are initializing within an existing Firebase project directory

[info] 
=== Project Setup
[info] 
[info] First, let's associate this project directory with a Firebase project.
[info] You can create multiple project aliases by running firebase use --add, 
[info] but for now we'll just set up a default project.
[info] 
[info] i  .firebaserc already has a default project, using chat-web-app-ebca8. 
[debug] [2021-10-13T13:45:45.419Z] > refreshing access token with scopes: []
[debug] [2021-10-13T13:45:45.420Z] >>> HTTP REQUEST POST https://www.googleapis.com/oauth2/v3/token  
 <request body omitted>
[debug] [2021-10-13T13:45:45.715Z] <<< HTTP RESPONSE 200 {"date":"Wed, 13 Oct 2021 13:45:46 GMT","pragma":"no-cache","cache-control":"no-cache, no-store, max-age=0, must-revalidate","expires":"Mon, 01 Jan 1990 00:00:00 GMT","content-type":"application/json; charset=utf-8","vary":"X-Origin, Referer, Origin,Accept-Encoding","server":"scaffolding on HTTPServer2","x-xss-protection":"0","x-frame-options":"SAMEORIGIN","x-content-type-options":"nosniff","alt-svc":"h3=\":443\"; ma=2592000,h3-29=\":443\"; ma=2592000,h3-T051=\":443\"; ma=2592000,h3-Q050=\":443\"; ma=2592000,h3-Q046=\":443\"; ma=2592000,h3-Q043=\":443\"; ma=2592000,quic=\":443\"; ma=2592000; v=\"46,43\"","accept-ranges":"none","transfer-encoding":"chunked"}
[debug] [2021-10-13T13:45:45.725Z] >>> [apiv2][query] GET https://firebase.googleapis.com/v1beta1/projects/chat-web-app-ebca8 [none]
[debug] [2021-10-13T13:45:46.349Z] <<< [apiv2][status] GET https://firebase.googleapis.com/v1beta1/projects/chat-web-app-ebca8 200
[debug] [2021-10-13T13:45:46.349Z] <<< [apiv2][body] GET https://firebase.googleapis.com/v1beta1/projects/chat-web-app-ebca8 {"projectId":"chat-web-app-ebca8","projectNumber":"978358535847","displayName":"chat-web-app","name":"projects/chat-web-app-ebca8","resources":{"hostingSite":"chat-web-app-ebca8","realtimeDatabaseInstance":"chat-web-app-ebca8-default-rtdb","storageBucket":"chat-web-app-ebca8.appspot.com","locationId":"asia-south1"},"state":"ACTIVE"}
[info] 
=== Database Setup
[info] i  database: ensuring required API firebasedatabase.googleapis.com is enabled... 
[debug] [2021-10-13T13:45:46.352Z] > refreshing access token with scopes: ["email","https://www.googleapis.com/auth/cloud-platform","https://www.googleapis.com/auth/cloudplatformprojects.readonly","https://www.googleapis.com/auth/firebase","openid"]
[debug] [2021-10-13T13:45:46.352Z] >>> HTTP REQUEST POST https://www.googleapis.com/oauth2/v3/token  
 <request body omitted>
[debug] [2021-10-13T13:45:46.629Z] <<< HTTP RESPONSE 200 {"cache-control":"no-cache, no-store, max-age=0, must-revalidate","expires":"Mon, 01 Jan 1990 00:00:00 GMT","date":"Wed, 13 Oct 2021 13:45:47 GMT","pragma":"no-cache","content-type":"application/json; charset=utf-8","vary":"X-Origin, Referer, Origin,Accept-Encoding","server":"scaffolding on HTTPServer2","x-xss-protection":"0","x-frame-options":"SAMEORIGIN","x-content-type-options":"nosniff","alt-svc":"h3=\":443\"; ma=2592000,h3-29=\":443\"; ma=2592000,h3-T051=\":443\"; ma=2592000,h3-Q050=\":443\"; ma=2592000,h3-Q046=\":443\"; ma=2592000,h3-Q043=\":443\"; ma=2592000,quic=\":443\"; ma=2592000; v=\"46,43\"","accept-ranges":"none","transfer-encoding":"chunked"}
[debug] [2021-10-13T13:45:46.639Z] >>> HTTP REQUEST GET https://serviceusage.googleapis.com/v1/projects/chat-web-app-ebca8/services/firebasedatabase.googleapis.com  
 
[debug] [2021-10-13T13:45:47.382Z] <<< HTTP RESPONSE 200 {"content-type":"application/json; charset=UTF-8","vary":"X-Origin, Referer, Origin,Accept-Encoding","date":"Wed, 13 Oct 2021 13:45:48 GMT","server":"ESF","cache-control":"private","x-xss-protection":"0","x-frame-options":"SAMEORIGIN","x-content-type-options":"nosniff","alt-svc":"h3=\":443\"; ma=2592000,h3-29=\":443\"; ma=2592000,h3-T051=\":443\"; ma=2592000,h3-Q050=\":443\"; ma=2592000,h3-Q046=\":443\"; ma=2592000,h3-Q043=\":443\"; ma=2592000,quic=\":443\"; ma=2592000; v=\"46,43\"","accept-ranges":"none","transfer-encoding":"chunked"}
[info] +  database: required API firebasedatabase.googleapis.com is enabled 
[info] 
[debug] [2021-10-13T13:45:47.385Z] > refreshing access token with scopes: []
[debug] [2021-10-13T13:45:47.385Z] >>> HTTP REQUEST POST https://www.googleapis.com/oauth2/v3/token  
 <request body omitted>
[debug] [2021-10-13T13:45:47.628Z] <<< HTTP RESPONSE 200 {"date":"Wed, 13 Oct 2021 13:45:48 GMT","expires":"Mon, 01 Jan 1990 00:00:00 GMT","pragma":"no-cache","cache-control":"no-cache, no-store, max-age=0, must-revalidate","content-type":"application/json; charset=utf-8","vary":"X-Origin, Referer, Origin,Accept-Encoding","server":"scaffolding on HTTPServer2","x-xss-protection":"0","x-frame-options":"SAMEORIGIN","x-content-type-options":"nosniff","alt-svc":"h3=\":443\"; ma=2592000,h3-29=\":443\"; ma=2592000,h3-T051=\":443\"; ma=2592000,h3-Q050=\":443\"; ma=2592000,h3-Q046=\":443\"; ma=2592000,h3-Q043=\":443\"; ma=2592000,quic=\":443\"; ma=2592000; v=\"46,43\"","accept-ranges":"none","transfer-encoding":"chunked"}
[debug] [2021-10-13T13:45:47.640Z] >>> [apiv2][query] GET https://firebase.googleapis.com/v1beta1/projects/chat-web-app-ebca8 [none]
[debug] [2021-10-13T13:45:48.153Z] <<< [apiv2][status] GET https://firebase.googleapis.com/v1beta1/projects/chat-web-app-ebca8 200
[debug] [2021-10-13T13:45:48.153Z] <<< [apiv2][body] GET https://firebase.googleapis.com/v1beta1/projects/chat-web-app-ebca8 {"projectId":"chat-web-app-ebca8","projectNumber":"978358535847","displayName":"chat-web-app","name":"projects/chat-web-app-ebca8","resources":{"hostingSite":"chat-web-app-ebca8","realtimeDatabaseInstance":"chat-web-app-ebca8-default-rtdb","storageBucket":"chat-web-app-ebca8.appspot.com","locationId":"asia-south1"},"state":"ACTIVE"}
[debug] [2021-10-13T13:45:48.154Z] > refreshing access token with scopes: ["email","https://www.googleapis.com/auth/cloud-platform","https://www.googleapis.com/auth/cloudplatformprojects.readonly","https://www.googleapis.com/auth/firebase","openid"]
[debug] [2021-10-13T13:45:48.154Z] >>> HTTP REQUEST POST https://www.googleapis.com/oauth2/v3/token  
 <request body omitted>
[debug] [2021-10-13T13:45:48.399Z] <<< HTTP RESPONSE 200 {"date":"Wed, 13 Oct 2021 13:45:49 GMT","pragma":"no-cache","cache-control":"no-cache, no-store, max-age=0, must-revalidate","expires":"Mon, 01 Jan 1990 00:00:00 GMT","content-type":"application/json; charset=utf-8","vary":"X-Origin, Referer, Origin,Accept-Encoding","server":"scaffolding on HTTPServer2","x-xss-protection":"0","x-frame-options":"SAMEORIGIN","x-content-type-options":"nosniff","alt-svc":"h3=\":443\"; ma=2592000,h3-29=\":443\"; ma=2592000,h3-T051=\":443\"; ma=2592000,h3-Q050=\":443\"; ma=2592000,h3-Q046=\":443\"; ma=2592000,h3-Q043=\":443\"; ma=2592000,quic=\":443\"; ma=2592000; v=\"46,43\"","accept-ranges":"none","transfer-encoding":"chunked"}
[debug] [2021-10-13T13:45:48.409Z] >>> HTTP REQUEST GET https://firebasedatabase.googleapis.com/v1beta/projects/chat-web-app-ebca8/locations/-/instances/chat-web-app-ebca8-default-rtdb  
 
[debug] [2021-10-13T13:45:49.147Z] <<< HTTP RESPONSE 200 {"content-type":"application/json; charset=UTF-8","vary":"X-Origin, Referer, Origin,Accept-Encoding","date":"Wed, 13 Oct 2021 13:45:49 GMT","server":"ESF","cache-control":"private","x-xss-protection":"0","x-frame-options":"SAMEORIGIN","x-content-type-options":"nosniff","alt-svc":"h3=\":443\"; ma=2592000,h3-29=\":443\"; ma=2592000,h3-T051=\":443\"; ma=2592000,h3-Q050=\":443\"; ma=2592000,h3-Q046=\":443\"; ma=2592000,h3-Q043=\":443\"; ma=2592000,quic=\":443\"; ma=2592000; v=\"46,43\"","accept-ranges":"none","transfer-encoding":"chunked"}
[info] 
[info] Firebase Realtime Database Security Rules allow you to define how your data should be
[info] structured and when your data can be read from and written to.
[info] 
[info] Skipping overwrite of Realtime Database Security Rules.
[info] The security rules defined in database.rules.json will be published when you run firebase deploy.
[info] 
=== Hosting Setup
[info] 
[info] Your public directory is the folder (relative to your project directory) that
[info] will contain Hosting assets to be uploaded with firebase deploy. If you
[info] have a build process for your assets, use your build's output directory.
[info] 
[debug] [2021-10-13T13:46:26.827Z] >>> [apiv2][query] GET https://www.gstatic.com/firebasejs/releases.json [none]
[debug] [2021-10-13T13:46:26.939Z] <<< [apiv2][status] GET https://www.gstatic.com/firebasejs/releases.json 200
[debug] [2021-10-13T13:46:26.939Z] <<< [apiv2][body] GET https://www.gstatic.com/firebasejs/releases.json {"current":{"version":"9.1.2","browserURL":"https://www.gstatic.com/firebasejs/9.1.2/firebase.js","packageURL":"https://www.gstatic.com/firebasejs/9.1.2/firebase.tgz"},"live":{"version":"9.1","browserURL":"https://www.gstatic.com/firebasejs/live/9.1/firebase.js","packageURL":"https://www.gstatic.com/firebasejs/live/9.1/firebase.tgz"},"components":{"analytics":"https://www.gstatic.com/firebasejs/9.1.2/firebase-analytics.js","app":"https://www.gstatic.com/firebasejs/9.1.2/firebase-app.js","app-check":"https://www.gstatic.com/firebasejs/9.1.2/firebase-app-check.js","auth":"https://www.gstatic.com/firebasejs/9.1.2/firebase-auth.js","auth/cordova":"https://www.gstatic.com/firebasejs/9.1.2/firebase-auth/cordova.js","auth/react-native":"https://www.gstatic.com/firebasejs/9.1.2/firebase-auth/react-native.js","functions":"https://www.gstatic.com/firebasejs/9.1.2/firebase-functions.js","firestore":"https://www.gstatic.com/firebasejs/9.1.2/firebase-firestore.js","firestore/lite":"https://www.gstatic.com/firebasejs/9.1.2/firebase-firestore/lite.js","storage":"https://www.gstatic.com/firebasejs/9.1.2/firebase-storage.js","performance":"https://www.gstatic.com/firebasejs/9.1.2/firebase-performance.js","remote-config":"https://www.gstatic.com/firebasejs/9.1.2/firebase-remote-config.js","messaging":"https://www.gstatic.com/firebasejs/9.1.2/firebase-messaging.js","messaging/sw":"https://www.gstatic.com/firebasejs/9.1.2/firebase-messaging/sw.js","database":"https://www.gstatic.com/firebasejs/9.1.2/firebase-database.js","firestore.memory":"https://www.gstatic.com/firebasejs/9.1.2/firebase-firestore.memory.js"}}
[info] i  Skipping write of build/index.html 
[info] 
[info] i  Detected a .git folder at D:\React Internship\React Projects\chat-app 
[info] i  Authorizing with GitHub to upload your service account to a GitHub repository's secrets store. 
[info] 
[info] Visit this URL on this device to log in:
[info] https://github.com/login/oauth/authorize?client_id=89cf50f02ac6aaed3484&state=196858736&redirect_uri=http%3A%2F%2Flocalhost%3A9005&scope=read%3Auser%20repo%20public_repo
[info] 
[info] Waiting for authentication...
[debug] [2021-10-13T13:46:33.421Z] >>> HTTP REQUEST POST https://github.com/login/oauth/access_token  
 {"client_id":"89cf50f02ac6aaed3484","client_secret":"3330d14abc895d9a74d5f17cd7a00711fa2c5bf0","code":"888bdb7f332ef7fcd349","redirect_uri":"http://localhost:9005","state":"196858736"}
[debug] [2021-10-13T13:46:33.824Z] <<< HTTP RESPONSE 200 {"server":"GitHub.com","date":"Wed, 13 Oct 2021 13:46:34 GMT","content-type":"application/json; charset=utf-8","transfer-encoding":"chunked","vary":"X-PJAX, X-PJAX-Container, Accept-Encoding, Accept, X-Requested-With","permissions-policy":"interest-cohort=()","etag":"W/\"83857c97a72dd1b8ec444760a0ed9493\"","cache-control":"max-age=0, private, must-revalidate","strict-transport-security":"max-age=31536000; includeSubdomains; preload","x-frame-options":"deny","x-content-type-options":"nosniff","x-xss-protection":"0","referrer-policy":"origin-when-cross-origin, strict-origin-when-cross-origin","expect-ct":"max-age=2592000, report-uri=\"https://api.github.com/_private/browser/errors\"","content-security-policy":"default-src 'none'; base-uri 'self'; block-all-mixed-content; child-src github.com/assets-cdn/worker/ gist.github.com/assets-cdn/worker/; connect-src 'self' uploads.github.com objects-origin.githubusercontent.com www.githubstatus.com collector.githubapp.com api.github.com github-cloud.s3.amazonaws.com github-production-repository-file-5c1aeb.s3.amazonaws.com github-production-upload-manifest-file-7fdce7.s3.amazonaws.com github-production-user-asset-6210df.s3.amazonaws.com cdn.optimizely.com logx.optimizely.com/v1/events translator.github.com wss://alive.github.com; font-src github.githubassets.com; form-action 'self' github.com gist.github.com objects-origin.githubusercontent.com; frame-ancestors 'none'; frame-src render.githubusercontent.com viewscreen.githubusercontent.com viewscreen-lab.githubusercontent.com; img-src 'self' data: github.githubassets.com identicons.github.com collector.githubapp.com github-cloud.s3.amazonaws.com secured-user-images.githubusercontent.com/ *.githubusercontent.com; manifest-src 'self'; media-src github.com user-images.githubusercontent.com/; script-src github.githubassets.com; style-src 'unsafe-inline' github.githubassets.com; worker-src github.com/assets-cdn/worker/ gist.github.com/assets-cdn/worker/","x-github-request-id":"D48A:1049:22CD1:26119:6166E33A"}
[debug] [2021-10-13T13:46:33.826Z] >>> [apiv2][query] GET https://api.github.com/user [none]
[debug] [2021-10-13T13:46:34.299Z] <<< [apiv2][status] GET https://api.github.com/user 200
[debug] [2021-10-13T13:46:34.299Z] <<< [apiv2][body] GET https://api.github.com/user {"login":"AmulyaGulati","id":79969197,"node_id":"MDQ6VXNlcjc5OTY5MTk3","avatar_url":"https://avatars.githubusercontent.com/u/79969197?v=4","gravatar_id":"","url":"https://api.github.com/users/AmulyaGulati","html_url":"https://github.com/AmulyaGulati","followers_url":"https://api.github.com/users/AmulyaGulati/followers","following_url":"https://api.github.com/users/AmulyaGulati/following{/other_user}","gists_url":"https://api.github.com/users/AmulyaGulati/gists{/gist_id}","starred_url":"https://api.github.com/users/AmulyaGulati/starred{/owner}{/repo}","subscriptions_url":"https://api.github.com/users/AmulyaGulati/subscriptions","organizations_url":"https://api.github.com/users/AmulyaGulati/orgs","repos_url":"https://api.github.com/users/AmulyaGulati/repos","events_url":"https://api.github.com/users/AmulyaGulati/events{/privacy}","received_events_url":"https://api.github.com/users/AmulyaGulati/received_events","type":"User","site_admin":false,"name":"Amulya Gulati","company":null,"blog":"","location":null,"email":null,"hireable":null,"bio":null,"twitter_username":null,"public_repos":6,"public_gists":0,"followers":0,"following":0,"created_at":"2021-03-03T08:47:15Z","updated_at":"2021-08-29T16:37:20Z","private_gists":0,"total_private_repos":1,"owned_private_repos":1,"disk_usage":13826,"collaborators":0,"two_factor_authentication":false,"plan":{"name":"free","space":976562499,"collaborators":0,"private_repos":10000}}
[info] 
[info] +  Success! Logged into GitHub as AmulyaGulati 
[info] 
